
*** Running vivado
    with args -log cpu_display.vds -m64 -product Vivado -mode batch -messageDb vivado.pb -notrace -source cpu_display.tcl



****** Vivado v2020.2 (64-bit)
  **** SW Build 3064766 on Wed Nov 18 09:12:45 MST 2020
  **** IP Build 3064653 on Wed Nov 18 14:17:31 MST 2020
    ** Copyright 1986-2020 Xilinx, Inc. All Rights Reserved.

source cpu_display.tcl -notrace
Command: synth_design -top cpu_display -part xc7a200tfbg676-2
Starting synth_design
Attempting to get a license for feature 'Synthesis' and/or device 'xc7a200t'
INFO: [Common 17-349] Got license for feature 'Synthesis' and/or device 'xc7a200t'
INFO: [Device 21-403] Loading part xc7a200tfbg676-2
INFO: [Synth 8-7079] Multithreading enabled for synth_design using a maximum of 2 processes.
INFO: [Synth 8-7078] Launching helper process for spawning children vivado processes
INFO: [Synth 8-7075] Helper process launched with PID 1448
WARNING: [Synth 8-2611] redeclaration of ansi port result is not allowed [F:/vivado_workspace/mycpu1/mycpu1.srcs/sources_1/new/alu.v:47]
WARNING: [Synth 8-6901] identifier 'instruction' is used before its declaration [F:/vivado_workspace/mycpu1/mycpu1.srcs/sources_1/new/central.v:31]
WARNING: [Synth 8-6901] identifier 'PC' is used before its declaration [F:/vivado_workspace/mycpu1/mycpu1.srcs/sources_1/new/central.v:34]
WARNING: [Synth 8-6901] identifier 'Branch' is used before its declaration [F:/vivado_workspace/mycpu1/mycpu1.srcs/sources_1/new/central.v:41]
WARNING: [Synth 8-6901] identifier 'alu_equal' is used before its declaration [F:/vivado_workspace/mycpu1/mycpu1.srcs/sources_1/new/central.v:41]
WARNING: [Synth 8-6901] identifier 'instruction' is used before its declaration [F:/vivado_workspace/mycpu1/mycpu1.srcs/sources_1/new/central.v:48]
WARNING: [Synth 8-6901] identifier 'immediate' is used before its declaration [F:/vivado_workspace/mycpu1/mycpu1.srcs/sources_1/new/central.v:55]
WARNING: [Synth 8-6901] identifier 'instruction' is used before its declaration [F:/vivado_workspace/mycpu1/mycpu1.srcs/sources_1/new/central.v:57]
WARNING: [Synth 8-6901] identifier 'instruction' is used before its declaration [F:/vivado_workspace/mycpu1/mycpu1.srcs/sources_1/new/central.v:59]
WARNING: [Synth 8-6901] identifier 'RAM_ReadData' is used before its declaration [F:/vivado_workspace/mycpu1/mycpu1.srcs/sources_1/new/central.v:99]
WARNING: [Synth 8-6901] identifier 'alu_result' is used before its declaration [F:/vivado_workspace/mycpu1/mycpu1.srcs/sources_1/new/central.v:99]
WARNING: [Synth 8-2611] redeclaration of ansi port AluOp is not allowed [F:/vivado_workspace/mycpu1/mycpu1.srcs/sources_1/new/control.v:36]
---------------------------------------------------------------------------------
Starting RTL Elaboration : Time (s): cpu = 00:00:05 ; elapsed = 00:00:05 . Memory (MB): peak = 1000.523 ; gain = 0.000
---------------------------------------------------------------------------------
INFO: [Synth 8-6157] synthesizing module 'cpu_display' [F:/vivado_workspace/mycpu1/mycpu1.srcs/sources_1/new/cpu_display.v:7]
INFO: [Synth 8-6157] synthesizing module 'central' [F:/vivado_workspace/mycpu1/mycpu1.srcs/sources_1/new/central.v:23]
INFO: [Synth 8-251] sort is over ! [F:/vivado_workspace/mycpu1/mycpu1.srcs/sources_1/new/central.v:50]
INFO: [Synth 8-6157] synthesizing module 'my_inst_rom' [F:/vivado_workspace/mycpu1/mycpu1.srcs/sources_1/new/my_inst_rom.v:1]
INFO: [Synth 8-638] synthesizing module 'my_rom' [f:/vivado_workspace/mycpu1/mycpu1.gen/sources_1/ip/my_rom/synth/my_rom.vhd:66]
	Parameter C_FAMILY bound to: artix7 - type: string 
	Parameter C_ADDR_WIDTH bound to: 5 - type: integer 
	Parameter C_DEFAULT_DATA bound to: 11111111111111111111111111111111 - type: string 
	Parameter C_DEPTH bound to: 32 - type: integer 
	Parameter C_HAS_CLK bound to: 0 - type: integer 
	Parameter C_HAS_D bound to: 0 - type: integer 
	Parameter C_HAS_DPO bound to: 0 - type: integer 
	Parameter C_HAS_DPRA bound to: 0 - type: integer 
	Parameter C_HAS_I_CE bound to: 0 - type: integer 
	Parameter C_HAS_QDPO bound to: 0 - type: integer 
	Parameter C_HAS_QDPO_CE bound to: 0 - type: integer 
	Parameter C_HAS_QDPO_CLK bound to: 0 - type: integer 
	Parameter C_HAS_QDPO_RST bound to: 0 - type: integer 
	Parameter C_HAS_QDPO_SRST bound to: 0 - type: integer 
	Parameter C_HAS_QSPO bound to: 0 - type: integer 
	Parameter C_HAS_QSPO_CE bound to: 0 - type: integer 
	Parameter C_HAS_QSPO_RST bound to: 0 - type: integer 
	Parameter C_HAS_QSPO_SRST bound to: 0 - type: integer 
	Parameter C_HAS_SPO bound to: 1 - type: integer 
	Parameter C_HAS_WE bound to: 0 - type: integer 
	Parameter C_MEM_INIT_FILE bound to: my_rom.mif - type: string 
	Parameter C_ELABORATION_DIR bound to: ./ - type: string 
	Parameter C_MEM_TYPE bound to: 0 - type: integer 
	Parameter C_PIPELINE_STAGES bound to: 0 - type: integer 
	Parameter C_QCE_JOINED bound to: 0 - type: integer 
	Parameter C_QUALIFY_WE bound to: 0 - type: integer 
	Parameter C_READ_MIF bound to: 1 - type: integer 
	Parameter C_REG_A_D_INPUTS bound to: 0 - type: integer 
	Parameter C_REG_DPRA_INPUT bound to: 0 - type: integer 
	Parameter C_SYNC_ENABLE bound to: 1 - type: integer 
	Parameter C_WIDTH bound to: 32 - type: integer 
	Parameter C_PARSER_TYPE bound to: 1 - type: integer 
INFO: [Synth 8-3491] module 'dist_mem_gen_v8_0_13' declared at 'f:/vivado_workspace/mycpu1/mycpu1.gen/sources_1/ip/my_ram/hdl/dist_mem_gen_v8_0_vhsyn_rfs.vhd:3237' bound to instance 'U0' of component 'dist_mem_gen_v8_0_13' [f:/vivado_workspace/mycpu1/mycpu1.gen/sources_1/ip/my_rom/synth/my_rom.vhd:132]
INFO: [Synth 8-256] done synthesizing module 'my_rom' (4#1) [f:/vivado_workspace/mycpu1/mycpu1.gen/sources_1/ip/my_rom/synth/my_rom.vhd:66]
INFO: [Synth 8-6155] done synthesizing module 'my_inst_rom' (5#1) [F:/vivado_workspace/mycpu1/mycpu1.srcs/sources_1/new/my_inst_rom.v:1]
INFO: [Synth 8-6157] synthesizing module 'control' [F:/vivado_workspace/mycpu1/mycpu1.srcs/sources_1/new/control.v:1]
INFO: [Synth 8-6155] done synthesizing module 'control' (6#1) [F:/vivado_workspace/mycpu1/mycpu1.srcs/sources_1/new/control.v:1]
INFO: [Synth 8-6157] synthesizing module 'regfile' [F:/vivado_workspace/mycpu1/mycpu1.srcs/sources_1/new/regfile.v:23]
INFO: [Synth 8-251] debug reg addr=5'bxxxxx data=x [F:/vivado_workspace/mycpu1/mycpu1.srcs/sources_1/new/regfile.v:43]
INFO: [Synth 8-6155] done synthesizing module 'regfile' (7#1) [F:/vivado_workspace/mycpu1/mycpu1.srcs/sources_1/new/regfile.v:23]
INFO: [Synth 8-6157] synthesizing module 'alu' [F:/vivado_workspace/mycpu1/mycpu1.srcs/sources_1/new/alu.v:24]
INFO: [Synth 8-6157] synthesizing module 'adder' [F:/vivado_workspace/mycpu1/mycpu1.srcs/sources_1/new/adder.v:1]
INFO: [Synth 8-6155] done synthesizing module 'adder' (8#1) [F:/vivado_workspace/mycpu1/mycpu1.srcs/sources_1/new/adder.v:1]
INFO: [Synth 8-6155] done synthesizing module 'alu' (9#1) [F:/vivado_workspace/mycpu1/mycpu1.srcs/sources_1/new/alu.v:24]
INFO: [Synth 8-6157] synthesizing module 'my_data_ram' [F:/vivado_workspace/mycpu1/mycpu1.srcs/sources_1/new/my_data_ram.v:1]
INFO: [Synth 8-638] synthesizing module 'my_ram' [f:/vivado_workspace/mycpu1/mycpu1.gen/sources_1/ip/my_ram/synth/my_ram.vhd:71]
	Parameter C_FAMILY bound to: artix7 - type: string 
	Parameter C_ADDR_WIDTH bound to: 5 - type: integer 
	Parameter C_DEFAULT_DATA bound to: 0 - type: string 
	Parameter C_DEPTH bound to: 32 - type: integer 
	Parameter C_HAS_CLK bound to: 1 - type: integer 
	Parameter C_HAS_D bound to: 1 - type: integer 
	Parameter C_HAS_DPO bound to: 1 - type: integer 
	Parameter C_HAS_DPRA bound to: 1 - type: integer 
	Parameter C_HAS_I_CE bound to: 0 - type: integer 
	Parameter C_HAS_QDPO bound to: 0 - type: integer 
	Parameter C_HAS_QDPO_CE bound to: 0 - type: integer 
	Parameter C_HAS_QDPO_CLK bound to: 0 - type: integer 
	Parameter C_HAS_QDPO_RST bound to: 0 - type: integer 
	Parameter C_HAS_QDPO_SRST bound to: 0 - type: integer 
	Parameter C_HAS_QSPO bound to: 0 - type: integer 
	Parameter C_HAS_QSPO_CE bound to: 0 - type: integer 
	Parameter C_HAS_QSPO_RST bound to: 0 - type: integer 
	Parameter C_HAS_QSPO_SRST bound to: 0 - type: integer 
	Parameter C_HAS_SPO bound to: 1 - type: integer 
	Parameter C_HAS_WE bound to: 1 - type: integer 
	Parameter C_MEM_INIT_FILE bound to: my_ram.mif - type: string 
	Parameter C_ELABORATION_DIR bound to: ./ - type: string 
	Parameter C_MEM_TYPE bound to: 2 - type: integer 
	Parameter C_PIPELINE_STAGES bound to: 0 - type: integer 
	Parameter C_QCE_JOINED bound to: 0 - type: integer 
	Parameter C_QUALIFY_WE bound to: 0 - type: integer 
	Parameter C_READ_MIF bound to: 1 - type: integer 
	Parameter C_REG_A_D_INPUTS bound to: 0 - type: integer 
	Parameter C_REG_DPRA_INPUT bound to: 0 - type: integer 
	Parameter C_SYNC_ENABLE bound to: 1 - type: integer 
	Parameter C_WIDTH bound to: 32 - type: integer 
	Parameter C_PARSER_TYPE bound to: 1 - type: integer 
INFO: [Synth 8-3491] module 'dist_mem_gen_v8_0_13' declared at 'f:/vivado_workspace/mycpu1/mycpu1.gen/sources_1/ip/my_ram/hdl/dist_mem_gen_v8_0_vhsyn_rfs.vhd:3237' bound to instance 'U0' of component 'dist_mem_gen_v8_0_13' [f:/vivado_workspace/mycpu1/mycpu1.gen/sources_1/ip/my_ram/synth/my_ram.vhd:137]
INFO: [Synth 8-256] done synthesizing module 'my_ram' (11#1) [f:/vivado_workspace/mycpu1/mycpu1.gen/sources_1/ip/my_ram/synth/my_ram.vhd:71]
INFO: [Synth 8-251] debug ram addr=x data=x [F:/vivado_workspace/mycpu1/mycpu1.srcs/sources_1/new/my_data_ram.v:21]
WARNING: [Synth 8-567] referenced signal 'we' should be on the sensitivity list [F:/vivado_workspace/mycpu1/mycpu1.srcs/sources_1/new/my_data_ram.v:19]
WARNING: [Synth 8-567] referenced signal 'wdata' should be on the sensitivity list [F:/vivado_workspace/mycpu1/mycpu1.srcs/sources_1/new/my_data_ram.v:19]
INFO: [Synth 8-6155] done synthesizing module 'my_data_ram' (12#1) [F:/vivado_workspace/mycpu1/mycpu1.srcs/sources_1/new/my_data_ram.v:1]
WARNING: [Synth 8-689] width (32) of port connection 'addr' does not match port width (5) of module 'my_data_ram' [F:/vivado_workspace/mycpu1/mycpu1.srcs/sources_1/new/central.v:150]
INFO: [Synth 8-6155] done synthesizing module 'central' (13#1) [F:/vivado_workspace/mycpu1/mycpu1.srcs/sources_1/new/central.v:23]
INFO: [Synth 8-6157] synthesizing module 'lcd_module' [F:/vivado_workspace/mycpu1/mycpu1.runs/synth_1/.Xil/Vivado-14512-ChantecPC/realtime/lcd_module_stub.v:6]
INFO: [Synth 8-6155] done synthesizing module 'lcd_module' (14#1) [F:/vivado_workspace/mycpu1/mycpu1.runs/synth_1/.Xil/Vivado-14512-ChantecPC/realtime/lcd_module_stub.v:6]
INFO: [Synth 8-6155] done synthesizing module 'cpu_display' (15#1) [F:/vivado_workspace/mycpu1/mycpu1.srcs/sources_1/new/cpu_display.v:7]
---------------------------------------------------------------------------------
Finished RTL Elaboration : Time (s): cpu = 00:00:07 ; elapsed = 00:00:08 . Memory (MB): peak = 1000.523 ; gain = 0.000
---------------------------------------------------------------------------------
---------------------------------------------------------------------------------
Start Handling Custom Attributes
---------------------------------------------------------------------------------
---------------------------------------------------------------------------------
Finished Handling Custom Attributes : Time (s): cpu = 00:00:08 ; elapsed = 00:00:08 . Memory (MB): peak = 1000.523 ; gain = 0.000
---------------------------------------------------------------------------------
---------------------------------------------------------------------------------
Finished RTL Optimization Phase 1 : Time (s): cpu = 00:00:08 ; elapsed = 00:00:08 . Memory (MB): peak = 1000.523 ; gain = 0.000
---------------------------------------------------------------------------------
Netlist sorting complete. Time (s): cpu = 00:00:00 ; elapsed = 00:00:00.026 . Memory (MB): peak = 1000.523 ; gain = 0.000
INFO: [Project 1-570] Preparing netlist for logic optimization

Processing XDC Constraints
Initializing timing engine
Parsing XDC File [F:/vivado_workspace/mycpu1/mycpu1.srcs/constrs_1/new/cpu.xdc]
Finished Parsing XDC File [F:/vivado_workspace/mycpu1/mycpu1.srcs/constrs_1/new/cpu.xdc]
INFO: [Project 1-236] Implementation specific constraints were found while reading constraint file [F:/vivado_workspace/mycpu1/mycpu1.srcs/constrs_1/new/cpu.xdc]. These constraints will be ignored for synthesis but will be used in implementation. Impacted constraints are listed in the file [.Xil/cpu_display_propImpl.xdc].
Resolution: To avoid this warning, move constraints listed in [.Xil/cpu_display_propImpl.xdc] to another XDC file and exclude this new file from synthesis with the used_in_synthesis property (File Properties dialog in GUI) and re-run elaboration/synthesis.
Parsing XDC File [F:/vivado_workspace/mycpu1/mycpu1.runs/synth_1/dont_touch.xdc]
Finished Parsing XDC File [F:/vivado_workspace/mycpu1/mycpu1.runs/synth_1/dont_touch.xdc]
Completed Processing XDC Constraints

Netlist sorting complete. Time (s): cpu = 00:00:00 ; elapsed = 00:00:00 . Memory (MB): peak = 1053.535 ; gain = 0.000
INFO: [Project 1-111] Unisim Transformation Summary:
No Unisim elements were transformed.

Constraint Validation Runtime : Time (s): cpu = 00:00:00 ; elapsed = 00:00:00.144 . Memory (MB): peak = 1053.535 ; gain = 0.000
---------------------------------------------------------------------------------
Finished Constraint Validation : Time (s): cpu = 00:00:15 ; elapsed = 00:00:16 . Memory (MB): peak = 1053.535 ; gain = 53.012
---------------------------------------------------------------------------------
---------------------------------------------------------------------------------
Start Loading Part and Timing Information
---------------------------------------------------------------------------------
Loading part: xc7a200tfbg676-2
---------------------------------------------------------------------------------
Finished Loading Part and Timing Information : Time (s): cpu = 00:00:15 ; elapsed = 00:00:16 . Memory (MB): peak = 1053.535 ; gain = 53.012
---------------------------------------------------------------------------------
---------------------------------------------------------------------------------
Start Applying 'set_property' XDC Constraints
---------------------------------------------------------------------------------
Applied set_property KEEP_HIERARCHY = SOFT for u_central/u_my_data_ram/myRAM. (constraint file  auto generated constraint).
Applied set_property KEEP_HIERARCHY = SOFT for u_central/u_rom/myROM. (constraint file  auto generated constraint).
---------------------------------------------------------------------------------
Finished applying 'set_property' XDC Constraints : Time (s): cpu = 00:00:15 ; elapsed = 00:00:16 . Memory (MB): peak = 1053.535 ; gain = 53.012
---------------------------------------------------------------------------------
WARNING: [Synth 8-327] inferring latch for variable 'AluOp_reg' [F:/vivado_workspace/mycpu1/mycpu1.srcs/sources_1/new/control.v:40]
---------------------------------------------------------------------------------
Finished RTL Optimization Phase 2 : Time (s): cpu = 00:00:16 ; elapsed = 00:00:17 . Memory (MB): peak = 1053.535 ; gain = 53.012
---------------------------------------------------------------------------------
---------------------------------------------------------------------------------
Start RTL Component Statistics 
---------------------------------------------------------------------------------
Detailed RTL Component Info : 
+---Adders : 
	   3 Input   33 Bit       Adders := 1     
	   2 Input    5 Bit       Adders := 2     
+---XORs : 
	   2 Input     32 Bit         XORs := 1     
+---Registers : 
	               40 Bit    Registers := 1     
	               32 Bit    Registers := 3     
	                5 Bit    Registers := 1     
	                1 Bit    Registers := 1     
+---Muxes : 
	   2 Input   40 Bit        Muxes := 1     
	   2 Input   39 Bit        Muxes := 1     
	   2 Input   32 Bit        Muxes := 4     
	   2 Input    5 Bit        Muxes := 4     
	   2 Input    4 Bit        Muxes := 1     
	   8 Input    4 Bit        Muxes := 1     
	   2 Input    1 Bit        Muxes := 5     
---------------------------------------------------------------------------------
Finished RTL Component Statistics 
---------------------------------------------------------------------------------
---------------------------------------------------------------------------------
Start Part Resource Summary
---------------------------------------------------------------------------------
Part Resources:
DSPs: 740 (col length:100)
BRAMs: 730 (col length: RAMB18 100 RAMB36 50)
---------------------------------------------------------------------------------
Finished Part Resource Summary
---------------------------------------------------------------------------------
---------------------------------------------------------------------------------
Start Cross Boundary and Area Optimization
---------------------------------------------------------------------------------
---------------------------------------------------------------------------------
Finished Cross Boundary and Area Optimization : Time (s): cpu = 00:00:22 ; elapsed = 00:00:24 . Memory (MB): peak = 1053.535 ; gain = 53.012
---------------------------------------------------------------------------------
---------------------------------------------------------------------------------
Start ROM, RAM, DSP, Shift Register and Retiming Reporting
---------------------------------------------------------------------------------

ROM: Preliminary Mapping	Report
+---------------------+------------------------------------------------------+---------------+----------------+
|Module Name          | RTL Object                                           | Depth x Width | Implemented As | 
+---------------------+------------------------------------------------------+---------------+----------------+
|rom                  | rom[31]                                              | 32x24         | LUT            | 
|dist_mem_gen_v8_0_13 | synth_options.dist_mem_inst/gen_rom.rom_inst/rom[31] | 32x24         | LUT            | 
+---------------------+------------------------------------------------------+---------------+----------------+


Distributed RAM: Preliminary Mapping	Report (see note below)
+-----------------------------------+-----------------------------------------------------------+-----------+----------------------+----------------+
|Module Name                        | RTL Object                                                | Inference | Size (Depth x Width) | Primitives     | 
+-----------------------------------+-----------------------------------------------------------+-----------+----------------------+----------------+
|\u_central/u_my_data_ram/myRAM /U0 | synth_options.dist_mem_inst/gen_dp_ram.dpram_inst/ram_reg | Implied   | 32 x 32              | RAM32X1D x 32	 | 
|cpu_display                        | u_central/u_regfile/myregs_reg                            | Implied   | 32 x 32              | RAM32M x 12	   | 
+-----------------------------------+-----------------------------------------------------------+-----------+----------------------+----------------+

Note: The table above is a preliminary report that shows the Distributed RAMs at the current stage of the synthesis flow. Some Distributed RAMs may be reimplemented as non Distributed RAM primitives later in the synthesis flow. Multiple instantiated RAMs are reported only once.
---------------------------------------------------------------------------------
Finished ROM, RAM, DSP, Shift Register and Retiming Reporting
---------------------------------------------------------------------------------
---------------------------------------------------------------------------------
Start Applying XDC Timing Constraints
---------------------------------------------------------------------------------
---------------------------------------------------------------------------------
Finished Applying XDC Timing Constraints : Time (s): cpu = 00:00:29 ; elapsed = 00:00:31 . Memory (MB): peak = 1053.535 ; gain = 53.012
---------------------------------------------------------------------------------
---------------------------------------------------------------------------------
Start Timing Optimization
---------------------------------------------------------------------------------
---------------------------------------------------------------------------------
Finished Timing Optimization : Time (s): cpu = 00:00:29 ; elapsed = 00:00:31 . Memory (MB): peak = 1053.535 ; gain = 53.012
---------------------------------------------------------------------------------
---------------------------------------------------------------------------------
Start ROM, RAM, DSP, Shift Register and Retiming Reporting
---------------------------------------------------------------------------------

Distributed RAM: Final Mapping	Report
+-----------------------------------+-----------------------------------------------------------+-----------+----------------------+----------------+
|Module Name                        | RTL Object                                                | Inference | Size (Depth x Width) | Primitives     | 
+-----------------------------------+-----------------------------------------------------------+-----------+----------------------+----------------+
|\u_central/u_my_data_ram/myRAM /U0 | synth_options.dist_mem_inst/gen_dp_ram.dpram_inst/ram_reg | Implied   | 32 x 32              | RAM32X1D x 32	 | 
|cpu_display                        | u_central/u_regfile/myregs_reg                            | Implied   | 32 x 32              | RAM32M x 12	   | 
+-----------------------------------+-----------------------------------------------------------+-----------+----------------------+----------------+

---------------------------------------------------------------------------------
Finished ROM, RAM, DSP, Shift Register and Retiming Reporting
---------------------------------------------------------------------------------
---------------------------------------------------------------------------------
Start Technology Mapping
---------------------------------------------------------------------------------
---------------------------------------------------------------------------------
Finished Technology Mapping : Time (s): cpu = 00:00:29 ; elapsed = 00:00:31 . Memory (MB): peak = 1054.012 ; gain = 53.488
---------------------------------------------------------------------------------
---------------------------------------------------------------------------------
Start IO Insertion
---------------------------------------------------------------------------------
---------------------------------------------------------------------------------
Start Flattening Before IO Insertion
---------------------------------------------------------------------------------
---------------------------------------------------------------------------------
Finished Flattening Before IO Insertion
---------------------------------------------------------------------------------
---------------------------------------------------------------------------------
Start Final Netlist Cleanup
---------------------------------------------------------------------------------
---------------------------------------------------------------------------------
Finished Final Netlist Cleanup
---------------------------------------------------------------------------------
---------------------------------------------------------------------------------
Finished IO Insertion : Time (s): cpu = 00:00:34 ; elapsed = 00:00:36 . Memory (MB): peak = 1068.773 ; gain = 68.250
---------------------------------------------------------------------------------
---------------------------------------------------------------------------------
Start Renaming Generated Instances
---------------------------------------------------------------------------------
---------------------------------------------------------------------------------
Finished Renaming Generated Instances : Time (s): cpu = 00:00:34 ; elapsed = 00:00:36 . Memory (MB): peak = 1068.773 ; gain = 68.250
---------------------------------------------------------------------------------
---------------------------------------------------------------------------------
Start Rebuilding User Hierarchy
---------------------------------------------------------------------------------
---------------------------------------------------------------------------------
Finished Rebuilding User Hierarchy : Time (s): cpu = 00:00:34 ; elapsed = 00:00:36 . Memory (MB): peak = 1068.773 ; gain = 68.250
---------------------------------------------------------------------------------
---------------------------------------------------------------------------------
Start Renaming Generated Ports
---------------------------------------------------------------------------------
---------------------------------------------------------------------------------
Finished Renaming Generated Ports : Time (s): cpu = 00:00:34 ; elapsed = 00:00:36 . Memory (MB): peak = 1068.773 ; gain = 68.250
---------------------------------------------------------------------------------
---------------------------------------------------------------------------------
Start Handling Custom Attributes
---------------------------------------------------------------------------------
---------------------------------------------------------------------------------
Finished Handling Custom Attributes : Time (s): cpu = 00:00:34 ; elapsed = 00:00:36 . Memory (MB): peak = 1068.773 ; gain = 68.250
---------------------------------------------------------------------------------
---------------------------------------------------------------------------------
Start Renaming Generated Nets
---------------------------------------------------------------------------------
---------------------------------------------------------------------------------
Finished Renaming Generated Nets : Time (s): cpu = 00:00:34 ; elapsed = 00:00:36 . Memory (MB): peak = 1068.773 ; gain = 68.250
---------------------------------------------------------------------------------
---------------------------------------------------------------------------------
Start Writing Synthesis Report
---------------------------------------------------------------------------------

Report BlackBoxes: 
+------+--------------+----------+
|      |BlackBox name |Instances |
+------+--------------+----------+
|1     |lcd_module    |         1|
+------+--------------+----------+

Report Cell Usage: 
+------+-----------+------+
|      |Cell       |Count |
+------+-----------+------+
|1     |lcd_module |     1|
|2     |BUFG       |     1|
|3     |CARRY4     |    15|
|4     |LUT1       |     1|
|5     |LUT2       |     9|
|6     |LUT3       |    41|
|7     |LUT4       |    71|
|8     |LUT5       |    85|
|9     |LUT6       |   276|
|10    |RAM32M     |    12|
|11    |RAM32X1D   |    32|
|12    |FDRE       |   108|
|13    |LD         |     4|
|14    |IBUF       |     2|
|15    |OBUF       |     8|
+------+-----------+------+
---------------------------------------------------------------------------------
Finished Writing Synthesis Report : Time (s): cpu = 00:00:34 ; elapsed = 00:00:36 . Memory (MB): peak = 1068.773 ; gain = 68.250
---------------------------------------------------------------------------------
Synthesis finished with 0 errors, 0 critical warnings and 1 warnings.
Synthesis Optimization Runtime : Time (s): cpu = 00:00:24 ; elapsed = 00:00:33 . Memory (MB): peak = 1068.773 ; gain = 15.238
Synthesis Optimization Complete : Time (s): cpu = 00:00:34 ; elapsed = 00:00:36 . Memory (MB): peak = 1068.773 ; gain = 68.250
INFO: [Project 1-571] Translating synthesized netlist
Netlist sorting complete. Time (s): cpu = 00:00:00 ; elapsed = 00:00:00.026 . Memory (MB): peak = 1080.832 ; gain = 0.000
INFO: [Netlist 29-17] Analyzing 63 Unisim elements for replacement
INFO: [Netlist 29-28] Unisim Transformation completed in 0 CPU seconds
INFO: [Project 1-570] Preparing netlist for logic optimization
INFO: [Opt 31-138] Pushed 0 inverter(s) to 0 load pin(s).
Netlist sorting complete. Time (s): cpu = 00:00:00 ; elapsed = 00:00:00 . Memory (MB): peak = 1081.473 ; gain = 0.000
INFO: [Project 1-111] Unisim Transformation Summary:
  A total of 48 instances were transformed.
  LD => LDCE: 4 instances
  RAM32M => RAM32M (RAMD32(x6), RAMS32(x2)): 12 instances
  RAM32X1D => RAM32X1D (RAMD32(x2)): 32 instances

INFO: [Common 17-83] Releasing license: Synthesis
42 Infos, 16 Warnings, 0 Critical Warnings and 0 Errors encountered.
synth_design completed successfully
synth_design: Time (s): cpu = 00:00:41 ; elapsed = 00:00:46 . Memory (MB): peak = 1081.473 ; gain = 80.949
INFO: [Common 17-1381] The checkpoint 'F:/vivado_workspace/mycpu1/mycpu1.runs/synth_1/cpu_display.dcp' has been generated.
INFO: [runtcl-4] Executing : report_utilization -file cpu_display_utilization_synth.rpt -pb cpu_display_utilization_synth.pb
INFO: [Common 17-206] Exiting Vivado at Tue Nov 23 17:43:21 2021...
